{"timestamp":"2025-09-25T08:26:05.738818681Z","level":1,"message":"Processing request","fields":{"duration_ms":154,"method":"GET","path":"/api/users","request_id":4}}
{"timestamp":"2025-09-25T08:26:05.749070785Z","level":1,"message":"Processing request","fields":{"duration_ms":165,"method":"GET","path":"/api/users","request_id":15}}
{"timestamp":"2025-09-25T08:26:05.749113275Z","level":1,"message":"Processing request","fields":{"duration_ms":170,"method":"GET","path":"/api/users","request_id":20}}
{"timestamp":"2025-09-25T08:26:05.7592917Z","level":1,"message":"Processing request","fields":{"duration_ms":173,"method":"GET","path":"/api/users","request_id":23}}
{"timestamp":"2025-09-25T08:26:05.759316275Z","level":1,"message":"Processing request","fields":{"duration_ms":179,"method":"GET","path":"/api/users","request_id":29}}
{"timestamp":"2025-09-25T08:26:05.769510277Z","level":1,"message":"Processing request","fields":{"duration_ms":185,"method":"GET","path":"/api/users","request_id":35}}
{"timestamp":"2025-09-25T08:26:05.779696533Z","level":1,"message":"Processing request","fields":{"duration_ms":191,"method":"GET","path":"/api/users","request_id":41}}
{"timestamp":"2025-09-25T08:26:05.77973235Z","level":1,"message":"Processing request","fields":{"duration_ms":196,"method":"GET","path":"/api/users","request_id":46}}
{"timestamp":"2025-09-25T08:26:05.789950397Z","level":1,"message":"Processing request","fields":{"duration_ms":203,"method":"GET","path":"/api/users","request_id":53}}
{"timestamp":"2025-09-25T08:26:05.790018514Z","level":1,"message":"Processing request","fields":{"duration_ms":208,"method":"GET","path":"/api/users","request_id":58}}
{"timestamp":"2025-09-25T08:26:05.800246344Z","level":1,"message":"Processing request","fields":{"duration_ms":213,"method":"GET","path":"/api/users","request_id":63}}
{"timestamp":"2025-09-25T08:26:05.800280738Z","level":1,"message":"Processing request","fields":{"duration_ms":219,"method":"GET","path":"/api/users","request_id":69}}
{"timestamp":"2025-09-25T08:26:05.810498416Z","level":1,"message":"Processing request","fields":{"duration_ms":224,"method":"GET","path":"/api/users","request_id":74}}
{"timestamp":"2025-09-25T08:26:05.820684122Z","level":1,"message":"Processing request","fields":{"duration_ms":232,"method":"GET","path":"/api/users","request_id":82}}
{"timestamp":"2025-09-25T08:26:05.820759313Z","level":1,"message":"Processing request","fields":{"duration_ms":240,"method":"GET","path":"/api/users","request_id":90}}
{"timestamp":"2025-09-25T08:26:05.738805436Z","level":1,"message":"Processing request","fields":{"duration_ms":152,"method":"GET","path":"/api/users","request_id":2}}
{"timestamp":"2025-09-25T08:26:05.749058182Z","level":1,"message":"Processing request","fields":{"duration_ms":163,"method":"GET","path":"/api/users","request_id":13}}
{"timestamp":"2025-09-25T08:26:05.749095742Z","level":1,"message":"Processing request","fields":{"duration_ms":168,"method":"GET","path":"/api/users","request_id":18}}
{"timestamp":"2025-09-25T08:26:05.759296358Z","level":1,"message":"Processing request","fields":{"duration_ms":175,"method":"GET","path":"/api/users","request_id":25}}
{"timestamp":"2025-09-25T08:26:05.769503253Z","level":1,"message":"Processing request","fields":{"duration_ms":182,"method":"GET","path":"/api/users","request_id":32}}
{"timestamp":"2025-09-25T08:26:05.769512461Z","level":1,"message":"Processing request","fields":{"duration_ms":186,"method":"GET","path":"/api/users","request_id":36}}
{"timestamp":"2025-09-25T08:26:05.769518702Z","level":1,"message":"Processing request","fields":{"duration_ms":187,"method":"GET","path":"/api/users","request_id":37}}
{"timestamp":"2025-09-25T08:26:05.779704358Z","level":1,"message":"Processing request","fields":{"duration_ms":192,"method":"GET","path":"/api/users","request_id":42}}
{"timestamp":"2025-09-25T08:26:05.779738892Z","level":1,"message":"Processing request","fields":{"duration_ms":197,"method":"GET","path":"/api/users","request_id":47}}
{"timestamp":"2025-09-25T08:26:05.789956248Z","level":1,"message":"Processing request","fields":{"duration_ms":204,"method":"GET","path":"/api/users","request_id":54}}
{"timestamp":"2025-09-25T08:26:05.790044513Z","level":1,"message":"Processing request","fields":{"duration_ms":209,"method":"GET","path":"/api/users","request_id":59}}
{"timestamp":"2025-09-25T08:26:05.800251243Z","level":1,"message":"Processing request","fields":{"duration_ms":214,"method":"GET","path":"/api/users","request_id":64}}
{"timestamp":"2025-09-25T08:26:05.800273995Z","level":1,"message":"Processing request","fields":{"duration_ms":218,"method":"GET","path":"/api/users","request_id":68}}
{"timestamp":"2025-09-25T08:26:05.810488588Z","level":1,"message":"Processing request","fields":{"duration_ms":223,"method":"GET","path":"/api/users","request_id":73}}
{"timestamp":"2025-09-25T08:26:05.810519556Z","level":1,"message":"Processing request","fields":{"duration_ms":228,"method":"GET","path":"/api/users","request_id":78}}
{"timestamp":"2025-09-25T08:26:05.810522982Z","level":1,"message":"Processing request","fields":{"duration_ms":229,"method":"GET","path":"/api/users","request_id":79}}
{"timestamp":"2025-09-25T08:26:05.810526629Z","level":1,"message":"Processing request","fields":{"duration_ms":230,"method":"GET","path":"/api/users","request_id":80}}
{"timestamp":"2025-09-25T08:26:05.820673933Z","level":1,"message":"Processing request","fields":{"duration_ms":231,"method":"GET","path":"/api/users","request_id":81}}
{"timestamp":"2025-09-25T08:26:05.820727914Z","level":1,"message":"Processing request","fields":{"duration_ms":236,"method":"GET","path":"/api/users","request_id":86}}
{"timestamp":"2025-09-25T08:26:05.728417953Z","level":1,"message":"Application started","fields":{"port":8080,"version":"1.0.0"}}
{"timestamp":"2025-09-25T08:26:05.728432209Z","level":0,"message":"Debug information","fields":{"operation":"login","user_id":12345}}
{"timestamp":"2025-09-25T08:26:05.728436147Z","level":2,"message":"Warning message","fields":{"memory_usage":"85%","threshold":"80%"}}
{"timestamp":"2025-09-25T08:26:05.728439613Z","level":3,"message":"Error occurred","fields":{"error":"connection timeout","retry_count":3,"service":"database"}}
{"timestamp":"2025-09-25T08:26:05.728450203Z","level":1,"message":"Processing request","fields":{"duration_ms":150,"method":"GET","path":"/api/users","request_id":0}}
{"timestamp":"2025-09-25T08:26:05.738790959Z","level":1,"message":"Processing request","fields":{"duration_ms":151,"method":"GET","path":"/api/users","request_id":1}}
{"timestamp":"2025-09-25T08:26:05.74905168Z","level":1,"message":"Processing request","fields":{"duration_ms":162,"method":"GET","path":"/api/users","request_id":12}}
{"timestamp":"2025-09-25T08:26:05.749090302Z","level":1,"message":"Processing request","fields":{"duration_ms":167,"method":"GET","path":"/api/users","request_id":17}}
{"timestamp":"2025-09-25T08:26:05.759289075Z","level":1,"message":"Processing request","fields":{"duration_ms":172,"method":"GET","path":"/api/users","request_id":22}}
{"timestamp":"2025-09-25T08:26:05.759319722Z","level":1,"message":"Processing request","fields":{"duration_ms":180,"method":"GET","path":"/api/users","request_id":30}}
{"timestamp":"2025-09-25T08:26:05.769505818Z","level":1,"message":"Processing request","fields":{"duration_ms":183,"method":"GET","path":"/api/users","request_id":33}}
{"timestamp":"2025-09-25T08:26:05.769537688Z","level":1,"message":"Processing request","fields":{"duration_ms":190,"method":"GET","path":"/api/users","request_id":40}}
{"timestamp":"2025-09-25T08:26:05.77971075Z","level":1,"message":"Processing request","fields":{"duration_ms":193,"method":"GET","path":"/api/users","request_id":43}}
{"timestamp":"2025-09-25T08:26:05.779742479Z","level":1,"message":"Processing request","fields":{"duration_ms":198,"method":"GET","path":"/api/users","request_id":48}}
{"timestamp":"2025-09-25T08:26:05.789980433Z","level":1,"message":"Processing request","fields":{"duration_ms":205,"method":"GET","path":"/api/users","request_id":55}}
{"timestamp":"2025-09-25T08:26:05.790051566Z","level":1,"message":"Processing request","fields":{"duration_ms":210,"method":"GET","path":"/api/users","request_id":60}}
{"timestamp":"2025-09-25T08:26:05.800254859Z","level":1,"message":"Processing request","fields":{"duration_ms":215,"method":"GET","path":"/api/users","request_id":65}}
{"timestamp":"2025-09-25T08:26:05.800284675Z","level":1,"message":"Processing request","fields":{"duration_ms":220,"method":"GET","path":"/api/users","request_id":70}}
{"timestamp":"2025-09-25T08:26:05.810505119Z","level":1,"message":"Processing request","fields":{"duration_ms":225,"method":"GET","path":"/api/users","request_id":75}}
{"timestamp":"2025-09-25T08:26:05.820689793Z","level":1,"message":"Processing request","fields":{"duration_ms":233,"method":"GET","path":"/api/users","request_id":83}}
{"timestamp":"2025-09-25T08:26:05.820738774Z","level":1,"message":"Processing request","fields":{"duration_ms":237,"method":"GET","path":"/api/users","request_id":87}}
{"timestamp":"2025-09-25T08:26:05.738809724Z","level":1,"message":"Processing request","fields":{"duration_ms":153,"method":"GET","path":"/api/users","request_id":3}}
{"timestamp":"2025-09-25T08:26:05.749063973Z","level":1,"message":"Processing request","fields":{"duration_ms":164,"method":"GET","path":"/api/users","request_id":14}}
{"timestamp":"2025-09-25T08:26:05.749101332Z","level":1,"message":"Processing request","fields":{"duration_ms":169,"method":"GET","path":"/api/users","request_id":19}}
{"timestamp":"2025-09-25T08:26:05.759294044Z","level":1,"message":"Processing request","fields":{"duration_ms":174,"method":"GET","path":"/api/users","request_id":24}}
{"timestamp":"2025-09-25T08:26:05.769495319Z","level":1,"message":"Processing request","fields":{"duration_ms":181,"method":"GET","path":"/api/users","request_id":31}}
{"timestamp":"2025-09-25T08:26:05.769528491Z","level":1,"message":"Processing request","fields":{"duration_ms":188,"method":"GET","path":"/api/users","request_id":38}}
{"timestamp":"2025-09-25T08:26:05.779719085Z","level":1,"message":"Processing request","fields":{"duration_ms":194,"method":"GET","path":"/api/users","request_id":44}}
{"timestamp":"2025-09-25T08:26:05.789933676Z","level":1,"message":"Processing request","fields":{"duration_ms":202,"method":"GET","path":"/api/users","request_id":52}}
{"timestamp":"2025-09-25T08:26:05.790013835Z","level":1,"message":"Processing request","fields":{"duration_ms":207,"method":"GET","path":"/api/users","request_id":57}}
{"timestamp":"2025-09-25T08:26:05.800238219Z","level":1,"message":"Processing request","fields":{"duration_ms":212,"method":"GET","path":"/api/users","request_id":62}}
{"timestamp":"2025-09-25T08:26:05.800261512Z","level":1,"message":"Processing request","fields":{"duration_ms":217,"method":"GET","path":"/api/users","request_id":67}}
{"timestamp":"2025-09-25T08:26:05.810483939Z","level":1,"message":"Processing request","fields":{"duration_ms":222,"method":"GET","path":"/api/users","request_id":72}}
{"timestamp":"2025-09-25T08:26:05.810516009Z","level":1,"message":"Processing request","fields":{"duration_ms":227,"method":"GET","path":"/api/users","request_id":77}}
{"timestamp":"2025-09-25T08:26:05.820700733Z","level":1,"message":"Processing request","fields":{"duration_ms":235,"method":"GET","path":"/api/users","request_id":85}}
{"timestamp":"2025-09-25T08:26:05.820754173Z","level":1,"message":"Processing request","fields":{"duration_ms":239,"method":"GET","path":"/api/users","request_id":89}}
{"timestamp":"2025-09-25T08:26:05.738823911Z","level":1,"message":"Processing request","fields":{"duration_ms":155,"method":"GET","path":"/api/users","request_id":5}}
{"timestamp":"2025-09-25T08:26:05.738830092Z","level":1,"message":"Processing request","fields":{"duration_ms":156,"method":"GET","path":"/api/users","request_id":6}}
{"timestamp":"2025-09-25T08:26:05.738833028Z","level":1,"message":"Processing request","fields":{"duration_ms":157,"method":"GET","path":"/api/users","request_id":7}}
{"timestamp":"2025-09-25T08:26:05.738837025Z","level":1,"message":"Processing request","fields":{"duration_ms":158,"method":"GET","path":"/api/users","request_id":8}}
{"timestamp":"2025-09-25T08:26:05.738843026Z","level":1,"message":"Processing request","fields":{"duration_ms":159,"method":"GET","path":"/api/users","request_id":9}}
{"timestamp":"2025-09-25T08:26:05.73885051Z","level":1,"message":"Processing request","fields":{"duration_ms":160,"method":"GET","path":"/api/users","request_id":10}}
{"timestamp":"2025-09-25T08:26:05.749034308Z","level":1,"message":"Processing request","fields":{"duration_ms":161,"method":"GET","path":"/api/users","request_id":11}}
{"timestamp":"2025-09-25T08:26:05.749079732Z","level":1,"message":"Processing request","fields":{"duration_ms":166,"method":"GET","path":"/api/users","request_id":16}}
{"timestamp":"2025-09-25T08:26:05.759279257Z","level":1,"message":"Processing request","fields":{"duration_ms":171,"method":"GET","path":"/api/users","request_id":21}}
{"timestamp":"2025-09-25T08:26:05.759298673Z","level":1,"message":"Processing request","fields":{"duration_ms":176,"method":"GET","path":"/api/users","request_id":26}}
{"timestamp":"2025-09-25T08:26:05.759301638Z","level":1,"message":"Processing request","fields":{"duration_ms":177,"method":"GET","path":"/api/users","request_id":27}}
{"timestamp":"2025-09-25T08:26:05.759312228Z","level":1,"message":"Processing request","fields":{"duration_ms":178,"method":"GET","path":"/api/users","request_id":28}}
{"timestamp":"2025-09-25T08:26:05.769508082Z","level":1,"message":"Processing request","fields":{"duration_ms":184,"method":"GET","path":"/api/users","request_id":34}}
{"timestamp":"2025-09-25T08:26:05.769534241Z","level":1,"message":"Processing request","fields":{"duration_ms":189,"method":"GET","path":"/api/users","request_id":39}}
{"timestamp":"2025-09-25T08:26:05.779726028Z","level":1,"message":"Processing request","fields":{"duration_ms":195,"method":"GET","path":"/api/users","request_id":45}}
{"timestamp":"2025-09-25T08:26:05.779749031Z","level":1,"message":"Processing request","fields":{"duration_ms":199,"method":"GET","path":"/api/users","request_id":49}}
{"timestamp":"2025-09-25T08:26:05.779752347Z","level":1,"message":"Processing request","fields":{"duration_ms":200,"method":"GET","path":"/api/users","request_id":50}}
{"timestamp":"2025-09-25T08:26:05.789909731Z","level":1,"message":"Processing request","fields":{"duration_ms":201,"method":"GET","path":"/api/users","request_id":51}}
{"timestamp":"2025-09-25T08:26:05.790008736Z","level":1,"message":"Processing request","fields":{"duration_ms":206,"method":"GET","path":"/api/users","request_id":56}}
{"timestamp":"2025-09-25T08:26:05.800216999Z","level":1,"message":"Processing request","fields":{"duration_ms":211,"method":"GET","path":"/api/users","request_id":61}}
{"timestamp":"2025-09-25T08:26:05.800258116Z","level":1,"message":"Processing request","fields":{"duration_ms":216,"method":"GET","path":"/api/users","request_id":66}}
{"timestamp":"2025-09-25T08:26:05.8104739Z","level":1,"message":"Processing request","fields":{"duration_ms":221,"method":"GET","path":"/api/users","request_id":71}}
{"timestamp":"2025-09-25T08:26:05.810509387Z","level":1,"message":"Processing request","fields":{"duration_ms":226,"method":"GET","path":"/api/users","request_id":76}}
{"timestamp":"2025-09-25T08:26:05.820694171Z","level":1,"message":"Processing request","fields":{"duration_ms":234,"method":"GET","path":"/api/users","request_id":84}}
{"timestamp":"2025-09-25T08:26:05.820746839Z","level":1,"message":"Processing request","fields":{"duration_ms":238,"method":"GET","path":"/api/users","request_id":88}}
{"timestamp":"2025-09-25T08:26:05.830895085Z","level":1,"message":"Processing request","fields":{"duration_ms":248,"method":"GET","path":"/api/users","request_id":98}}
{"timestamp":"2025-09-25T08:26:05.830898671Z","level":1,"message":"Processing request","fields":{"duration_ms":249,"method":"GET","path":"/api/users","request_id":99}}
{"timestamp":"2025-09-25T08:26:05.830832328Z","level":1,"message":"Processing request","fields":{"duration_ms":241,"method":"GET","path":"/api/users","request_id":91}}
{"timestamp":"2025-09-25T08:26:05.830847586Z","level":1,"message":"Processing request","fields":{"duration_ms":242,"method":"GET","path":"/api/users","request_id":92}}
{"timestamp":"2025-09-25T08:26:05.830851313Z","level":1,"message":"Processing request","fields":{"duration_ms":243,"method":"GET","path":"/api/users","request_id":93}}
{"timestamp":"2025-09-25T08:26:05.830857775Z","level":1,"message":"Processing request","fields":{"duration_ms":244,"method":"GET","path":"/api/users","request_id":94}}
{"timestamp":"2025-09-25T08:26:05.830878183Z","level":1,"message":"Processing request","fields":{"duration_ms":245,"method":"GET","path":"/api/users","request_id":95}}
{"timestamp":"2025-09-25T08:26:05.830882091Z","level":1,"message":"Processing request","fields":{"duration_ms":246,"method":"GET","path":"/api/users","request_id":96}}
{"timestamp":"2025-09-25T08:26:05.830888903Z","level":1,"message":"Processing request","fields":{"duration_ms":247,"method":"GET","path":"/api/users","request_id":97}}
